2024-10-07 11:08:20,530 - Device being used: cuda:0
2024-10-07 11:08:20,531 - Evaluating for input size 64 with center_crop method
2024-10-07 11:08:22,095 - Epoch 1/5
2024-10-07 11:29:48,652 - train Loss: 2.1558 Acc: 0.3491
2024-10-07 11:31:53,301 - dev Loss: 1.1542 Acc: 0.6448
2024-10-07 11:31:53,707 - Epoch 2/5
2024-10-07 11:52:35,358 - train Loss: 0.8610 Acc: 0.7127
2024-10-07 11:54:36,712 - dev Loss: 0.6018 Acc: 0.8059
2024-10-07 11:54:36,821 - Epoch 3/5
2024-10-07 12:15:22,872 - train Loss: 0.5250 Acc: 0.8231
2024-10-07 12:17:28,838 - dev Loss: 0.3833 Acc: 0.8652
2024-10-07 12:17:28,866 - Epoch 4/5
2024-10-07 12:37:45,909 - train Loss: 0.3605 Acc: 0.8757
2024-10-07 12:39:48,910 - dev Loss: 0.6512 Acc: 0.8568
2024-10-07 12:39:48,928 - Epoch 5/5
2024-10-07 12:59:29,894 - train Loss: 0.2771 Acc: 0.9057
2024-10-07 13:01:33,714 - dev Loss: 0.2136 Acc: 0.9268
2024-10-07 13:01:34,835 - Model weights saved to model_weights_64_center_crop.pth
2024-10-07 13:03:47,886 - Test Accuracy: 0.9213
2024-10-07 13:04:19,264 - Run 1/5, Latency: 0.001678 seconds per image
2024-10-07 13:04:34,261 - Run 2/5, Latency: 0.001724 seconds per image
2024-10-07 13:04:48,280 - Run 3/5, Latency: 0.001611 seconds per image
2024-10-07 13:05:01,009 - Run 4/5, Latency: 0.001463 seconds per image
2024-10-07 13:05:01,067 - Average Inference Latency (excluding first run): 0.001619 seconds per image
2024-10-07 13:05:01,067 - Parameter Count: 23567453
2024-10-07 13:05:01,067 - FLOPs: 314888192
2024-10-07 13:05:01,067 - Inference Latency: 0.001619 seconds per image
